mode: set
cmd/API/goapi.go:31.21,33.31 2 0
cmd/API/goapi.go:36.2,37.41 2 0
cmd/API/goapi.go:40.2,40.13 1 0
cmd/API/goapi.go:33.31,35.3 1 0
cmd/API/goapi.go:37.41,39.3 1 0
cmd/API/goapi.go:88.43,90.18 2 0
cmd/API/goapi.go:93.2,93.10 1 0
cmd/API/goapi.go:90.18,92.3 1 0
cmd/API/goapi.go:96.44,98.20 2 0
cmd/API/goapi.go:101.2,105.21 2 0
cmd/API/goapi.go:112.2,112.11 1 0
cmd/API/goapi.go:98.20,100.3 1 0
cmd/API/goapi.go:105.21,106.24 1 0
cmd/API/goapi.go:106.24,108.4 1 0
cmd/API/goapi.go:108.9,110.4 1 0
cmd/API/goapi.go:115.20,117.50 2 0
cmd/API/goapi.go:117.50,119.3 1 0
cmd/API/goapi.go:124.13,127.101 2 0
cmd/API/goapi.go:134.2,134.21 1 0
cmd/API/goapi.go:137.2,137.29 1 0
cmd/API/goapi.go:141.2,142.21 2 0
cmd/API/goapi.go:156.2,167.32 3 0
cmd/API/goapi.go:170.2,171.35 2 0
cmd/API/goapi.go:211.2,212.34 2 0
cmd/API/goapi.go:224.2,225.15 2 0
cmd/API/goapi.go:231.2,234.22 3 0
cmd/API/goapi.go:242.2,243.54 2 0
cmd/API/goapi.go:246.2,249.61 3 0
cmd/API/goapi.go:127.101,128.22 1 0
cmd/API/goapi.go:128.22,131.4 2 0
cmd/API/goapi.go:134.21,136.3 1 0
cmd/API/goapi.go:137.29,139.3 1 0
cmd/API/goapi.go:142.21,144.3 1 0
cmd/API/goapi.go:144.8,146.17 2 0
cmd/API/goapi.go:149.3,149.52 1 0
cmd/API/goapi.go:146.17,148.4 1 0
cmd/API/goapi.go:149.52,150.37 1 0
cmd/API/goapi.go:150.37,152.5 1 0
cmd/API/goapi.go:167.32,169.3 1 0
cmd/API/goapi.go:171.35,176.33 4 0
cmd/API/goapi.go:202.3,203.34 2 0
cmd/API/goapi.go:176.33,179.42 1 0
cmd/API/goapi.go:186.4,186.60 1 0
cmd/API/goapi.go:179.42,180.13 1 0
cmd/API/goapi.go:186.60,187.53 1 0
cmd/API/goapi.go:191.5,192.48 2 0
cmd/API/goapi.go:195.5,195.19 1 0
cmd/API/goapi.go:198.5,198.18 1 0
cmd/API/goapi.go:187.53,189.14 1 0
cmd/API/goapi.go:192.48,193.14 1 0
cmd/API/goapi.go:195.19,197.6 1 0
cmd/API/goapi.go:203.34,204.28 1 0
cmd/API/goapi.go:207.4,207.33 1 0
cmd/API/goapi.go:204.28,206.5 1 0
cmd/API/goapi.go:212.34,213.33 1 0
cmd/API/goapi.go:217.3,218.27 2 0
cmd/API/goapi.go:213.33,215.12 2 0
cmd/API/goapi.go:218.27,221.4 2 0
cmd/API/goapi.go:225.15,226.11 1 0
cmd/API/goapi.go:226.11,228.4 1 0
cmd/API/goapi.go:234.22,236.30 2 0
cmd/API/goapi.go:239.3,239.9 1 0
cmd/API/goapi.go:236.30,238.4 1 0
cmd/API/goapi.go:243.54,245.3 1 0
cmd/API/goapi.go:253.45,254.14 1 1
cmd/API/goapi.go:257.2,260.37 4 1
cmd/API/goapi.go:265.2,265.7 1 1
cmd/API/goapi.go:254.14,256.3 1 0
cmd/API/goapi.go:260.37,261.29 1 1
cmd/API/goapi.go:261.29,263.4 1 1
cmd/API/goapi.go:268.42,270.26 2 1
cmd/API/goapi.go:273.2,273.10 1 1
cmd/API/goapi.go:270.26,272.3 1 1
cmd/API/goapi.go:278.45,279.31 1 1
cmd/API/goapi.go:282.2,282.46 1 1
cmd/API/goapi.go:279.31,281.3 1 1
cmd/API/goapi.go:285.105,295.36 7 1
cmd/API/goapi.go:301.2,301.45 1 1
cmd/API/goapi.go:338.2,339.35 2 1
cmd/API/goapi.go:342.2,343.34 2 1
cmd/API/goapi.go:346.2,346.8 1 1
cmd/API/goapi.go:295.36,299.3 3 1
cmd/API/goapi.go:301.45,302.10 1 1
cmd/API/goapi.go:303.79,305.29 2 1
cmd/API/goapi.go:318.79,320.31 2 1
cmd/API/goapi.go:331.11,333.19 2 1
cmd/API/goapi.go:305.30,312.5 0 1
cmd/API/goapi.go:312.10,312.57 1 1
cmd/API/goapi.go:312.58,314.5 0 1
cmd/API/goapi.go:314.10,317.5 2 1
cmd/API/goapi.go:320.31,325.5 1 0
cmd/API/goapi.go:325.10,327.18 2 1
cmd/API/goapi.go:327.18,329.6 1 0
cmd/API/goapi.go:339.35,341.3 1 1
cmd/API/goapi.go:343.34,345.3 1 1
cmd/API/goapi.go:349.45,350.20 1 0
cmd/API/goapi.go:353.2,354.16 2 0
cmd/API/goapi.go:357.2,359.29 3 0
cmd/API/goapi.go:365.2,365.17 1 0
cmd/API/goapi.go:350.20,352.3 1 0
cmd/API/goapi.go:354.16,356.3 1 0
cmd/API/goapi.go:359.29,361.50 2 0
cmd/API/goapi.go:361.50,363.4 1 0
cmd/API/goapi.go:381.61,388.2 1 1
cmd/API/goapi.go:390.43,391.28 1 1
cmd/API/goapi.go:394.2,395.8 2 1
cmd/API/goapi.go:391.28,393.3 1 0
cmd/API/goapi.go:400.65,402.46 2 1
cmd/API/goapi.go:406.2,407.16 2 1
cmd/API/goapi.go:410.2,412.15 2 1
cmd/API/goapi.go:402.46,404.3 1 1
cmd/API/goapi.go:407.16,409.3 1 0
cmd/API/goapi.go:429.71,434.24 2 1
cmd/API/goapi.go:437.2,437.40 1 1
cmd/API/goapi.go:441.2,449.27 4 1
cmd/API/goapi.go:455.2,455.12 1 1
cmd/API/goapi.go:434.24,436.3 1 1
cmd/API/goapi.go:437.40,439.3 1 0
cmd/API/goapi.go:449.27,450.17 1 1
cmd/API/goapi.go:450.17,453.4 2 1
cmd/API/goapi.go:473.79,475.16 2 0
cmd/API/goapi.go:479.2,482.6 4 0
cmd/API/goapi.go:502.2,505.28 2 0
cmd/API/goapi.go:509.2,509.8 1 0
cmd/API/goapi.go:475.16,477.3 1 0
cmd/API/goapi.go:482.6,488.20 3 0
cmd/API/goapi.go:491.3,491.17 1 0
cmd/API/goapi.go:495.3,496.35 2 0
cmd/API/goapi.go:488.20,489.9 1 0
cmd/API/goapi.go:491.17,493.4 1 0
cmd/API/goapi.go:496.35,498.4 1 0
cmd/API/goapi.go:505.28,508.3 2 0
cmd/API/goapi.go:516.62,518.2 1 1
cmd/API/goapi.go:520.102,522.57 2 1
cmd/API/goapi.go:526.2,527.16 2 1
cmd/API/goapi.go:533.2,537.15 3 1
cmd/API/goapi.go:540.2,540.56 1 1
cmd/API/goapi.go:544.2,545.20 2 1
cmd/API/goapi.go:552.2,553.17 2 1
cmd/API/goapi.go:563.2,564.16 2 1
cmd/API/goapi.go:572.2,572.17 1 1
cmd/API/goapi.go:579.2,583.33 3 1
cmd/API/goapi.go:592.2,598.16 3 1
cmd/API/goapi.go:606.2,606.17 1 1
cmd/API/goapi.go:610.2,611.17 2 1
cmd/API/goapi.go:522.57,524.3 1 0
cmd/API/goapi.go:527.16,528.24 1 1
cmd/API/goapi.go:531.3,531.18 1 1
cmd/API/goapi.go:528.24,530.4 1 0
cmd/API/goapi.go:537.15,539.3 1 1
cmd/API/goapi.go:540.56,542.3 1 0
cmd/API/goapi.go:545.20,547.3 1 1
cmd/API/goapi.go:553.17,554.35 1 1
cmd/API/goapi.go:554.35,556.40 2 1
cmd/API/goapi.go:556.40,559.5 2 1
cmd/API/goapi.go:564.16,565.46 1 1
cmd/API/goapi.go:568.3,568.60 1 0
cmd/API/goapi.go:565.46,567.4 1 1
cmd/API/goapi.go:572.17,573.33 1 1
cmd/API/goapi.go:573.33,576.4 2 1
cmd/API/goapi.go:583.33,585.17 2 1
cmd/API/goapi.go:588.3,588.27 1 1
cmd/API/goapi.go:585.17,587.4 1 0
cmd/API/goapi.go:598.16,600.23 2 0
cmd/API/goapi.go:603.3,603.72 1 0
cmd/API/goapi.go:600.23,602.4 1 0
cmd/API/goapi.go:606.17,608.3 1 1
cmd/API/goapi.go:617.58,619.16 2 1
cmd/API/goapi.go:619.16,620.24 1 1
cmd/API/goapi.go:623.3,623.38 1 1
cmd/API/goapi.go:626.3,626.37 1 1
cmd/API/goapi.go:620.24,622.4 1 0
cmd/API/goapi.go:623.38,625.4 1 0
cmd/API/goapi.go:630.55,633.22 3 0
cmd/API/goapi.go:636.2,637.13 2 0
cmd/API/goapi.go:633.22,635.3 1 0
cmd/API/goapi.go:640.63,641.27 1 1
cmd/API/goapi.go:642.20,644.21 2 1
cmd/API/goapi.go:671.3,671.21 1 1
cmd/API/goapi.go:673.20,675.31 2 0
cmd/API/goapi.go:677.20,679.31 2 1
cmd/API/goapi.go:681.21,682.28 1 0
cmd/API/goapi.go:684.22,686.31 2 1
cmd/API/goapi.go:688.20,689.41 1 0
cmd/API/goapi.go:691.24,693.29 2 1
cmd/API/goapi.go:695.24,697.27 2 0
cmd/API/goapi.go:702.3,702.23 1 0
cmd/API/goapi.go:704.18,708.31 4 0
cmd/API/goapi.go:710.19,712.20 2 0
cmd/API/goapi.go:722.3,723.31 2 0
cmd/API/goapi.go:725.20,728.37 3 1
cmd/API/goapi.go:732.3,732.36 1 1
cmd/API/goapi.go:734.10,735.45 1 0
cmd/API/goapi.go:645.28,646.24 1 0
cmd/API/goapi.go:647.26,648.20 1 0
cmd/API/goapi.go:649.25,650.19 1 1
cmd/API/goapi.go:651.26,654.20 1 0
cmd/API/goapi.go:655.27,656.21 1 1
cmd/API/goapi.go:657.29,658.23 1 0
cmd/API/goapi.go:659.28,660.22 1 1
cmd/API/goapi.go:661.25,662.46 1 0
cmd/API/goapi.go:663.11,664.13 1 1
cmd/API/goapi.go:665.16,666.16 1 1
cmd/API/goapi.go:667.16,668.16 1 1
cmd/API/goapi.go:697.27,701.4 3 0
cmd/API/goapi.go:713.23,714.17 1 0
cmd/API/goapi.go:715.23,716.17 1 0
cmd/API/goapi.go:717.23,718.15 1 0
cmd/API/goapi.go:719.11,720.24 1 0
cmd/API/goapi.go:728.37,731.4 2 1
cmd/API/goapi.go:739.74,741.41 2 1
cmd/API/goapi.go:742.9,742.9 0 1
cmd/API/goapi.go:744.9,746.37 2 1
cmd/API/goapi.go:747.10,749.33 2 1
cmd/API/goapi.go:753.80,755.37 2 1
cmd/API/goapi.go:766.2,766.20 1 1
cmd/API/goapi.go:755.37,756.12 1 1
cmd/API/goapi.go:759.3,760.27 2 1
cmd/API/goapi.go:764.3,764.24 1 1
cmd/API/goapi.go:756.12,758.4 1 1
cmd/API/goapi.go:760.27,763.4 2 0
cmd/API/goapi.go:769.52,773.2 3 1
cmd/API/goapi.go:775.63,779.2 3 1
cmd/API/goapi.go:781.44,782.27 1 1
cmd/API/goapi.go:783.20,788.21 5 1
cmd/API/goapi.go:793.18,794.61 1 1
cmd/API/goapi.go:795.23,796.18 1 1
cmd/API/goapi.go:797.19,798.18 1 1
cmd/API/goapi.go:799.10,800.43 1 0
cmd/API/goapi.go:788.21,790.4 1 1
cmd/API/goapi.go:790.9,792.4 1 1
cmd/API/goapi.go:804.48,807.40 3 1
cmd/API/goapi.go:818.2,820.40 3 1
cmd/API/goapi.go:834.2,835.40 2 1
cmd/API/goapi.go:808.21,809.30 1 1
cmd/API/goapi.go:810.24,812.9 2 1
cmd/API/goapi.go:813.10,814.62 1 1
cmd/API/goapi.go:820.40,822.25 2 1
cmd/API/goapi.go:822.25,824.26 2 1
cmd/API/goapi.go:827.4,827.38 1 1
cmd/API/goapi.go:824.26,826.5 1 1
cmd/API/goapi.go:835.40,837.57 2 1
cmd/API/goapi.go:837.57,839.4 1 1
cmd/API/goapi.go:843.65,848.39 4 1
cmd/API/goapi.go:848.39,850.20 2 1
cmd/API/goapi.go:853.3,854.20 2 1
cmd/API/goapi.go:858.3,858.48 1 1
cmd/API/goapi.go:850.20,851.12 1 1
cmd/API/goapi.go:854.20,856.12 2 1
cmd/API/goapi.go:862.67,868.40 5 1
cmd/API/goapi.go:878.2,878.15 1 1
cmd/API/goapi.go:889.2,891.15 2 1
cmd/API/goapi.go:895.2,895.27 1 1
cmd/API/goapi.go:900.2,901.76 2 1
cmd/API/goapi.go:868.40,870.20 2 1
cmd/API/goapi.go:874.3,875.76 2 1
cmd/API/goapi.go:870.20,872.12 2 1
cmd/API/goapi.go:878.15,887.3 1 1
cmd/API/goapi.go:891.15,893.3 1 1
cmd/API/goapi.go:895.27,898.3 2 0
cmd/API/goapi.go:904.42,906.23 2 1
cmd/API/goapi.go:909.2,909.56 1 1
cmd/API/goapi.go:906.23,907.63 1 0
cmd/API/goapi.go:912.49,916.10 3 1
cmd/API/goapi.go:925.2,925.89 1 1
cmd/API/goapi.go:916.10,918.46 2 1
cmd/API/goapi.go:921.3,921.56 1 1
cmd/API/goapi.go:918.46,920.4 1 1
cmd/API/goapi.go:921.56,923.4 1 0
cmd/API/goapi.go:928.60,930.31 2 1
cmd/API/goapi.go:934.2,934.34 1 1
cmd/API/goapi.go:937.2,939.14 2 1
cmd/API/goapi.go:930.31,931.43 1 0
cmd/API/goapi.go:934.34,935.44 1 0
cmd/API/goapi.go:939.14,941.3 1 0
